<?xml version="1.0" encoding="UTF-8"?>
<testsuite name="hello.servlet.basic.member.MemberRepositoryTest" tests="2" skipped="0" failures="0" errors="0" timestamp="2024-02-06T00:42:55" hostname="DESKTOP-6TVLGBC" time="0.037">
  <properties/>
  <testcase name="findAll()" classname="hello.servlet.basic.member.MemberRepositoryTest" time="0.035"/>
  <testcase name="save()" classname="hello.servlet.basic.member.MemberRepositoryTest" time="0.001"/>
  <system-out><![CDATA[]]></system-out>
  <system-err><![CDATA[]]></system-err>
</testsuite>
